#
# A fatal error has been detected by the Java Runtime Environment:
#
#  Internal Error (javaClasses.cpp:136), pid=5896, tid=7872
#  fatal error: Invalid layout of preloaded class
#
# JRE version:  (7.0_40-b43) (build )
# Java VM: Java HotSpot(TM) 64-Bit Server VM (24.0-b56 mixed mode windows-amd64 compressed oops)
# Failed to write core dump. Minidumps are not enabled by default on client versions of Windows
#
# If you would like to submit a bug report, please visit:
#   http://bugreport.sun.com/bugreport/crash.jsp
#

---------------  T H R E A D  ---------------

Current thread (0x000000000210e800):  JavaThread "Unknown thread" [_thread_in_vm, id=7872, stack(0x00000000022e0000,0x00000000023e0000)]

Stack: [0x00000000022e0000,0x00000000023e0000]

---------------  P R O C E S S  ---------------

Java Threads: ( => current thread )

Other Threads:

=>0x000000000210e800 (exited) JavaThread "Unknown thread" [_thread_in_vm, id=7872, stack(0x00000000022e0000,0x00000000023e0000)]

VM state:not at safepoint (not fully initialized)

VM Mutex/Monitor currently owned by a thread: None

GC Heap History (0 events):
No events

Deoptimization events (0 events):
No events

Internal exceptions (0 events):
No events

Events (10 events):
Event: 0.021 loading class 0x000000000206d500 done
Event: 0.021 loading class 0x000000000206cf20 done
Event: 0.021 loading class 0x000000000206cf00
Event: 0.022 loading class 0x0000000002075000
Event: 0.022 loading class 0x0000000002075000 done
Event: 0.022 loading class 0x0000000002075030
Event: 0.022 loading class 0x0000000002075030 done
Event: 0.022 loading class 0x0000000002075060
Event: 0.022 loading class 0x0000000002075060 done
Event: 0.022 loading class 0x000000000206cf00 done


Dynamic libraries:
0x000000013f380000 - 0x000000013f3b3000 	C:\Program Files\Java\jre7\bin\javaw.exe
0x0000000077320000 - 0x00000000774c9000 	C:\Windows\SYSTEM32\ntdll.dll
0x0000000077100000 - 0x000000007721f000 	C:\Windows\system32\kernel32.dll
0x000007fefd530000 - 0x000007fefd59c000 	C:\Windows\system32\KERNELBASE.dll
0x000007fefe0f0000 - 0x000007fefe1cb000 	C:\Windows\system32\ADVAPI32.dll
0x000007fefdfc0000 - 0x000007fefe05f000 	C:\Windows\system32\msvcrt.dll
0x000007feff4e0000 - 0x000007feff4ff000 	C:\Windows\SYSTEM32\sechost.dll
0x000007feff500000 - 0x000007feff62d000 	C:\Windows\system32\RPCRT4.dll
0x0000000077220000 - 0x000000007731a000 	C:\Windows\system32\USER32.dll
0x000007fefdf50000 - 0x000007fefdfb7000 	C:\Windows\system32\GDI32.dll
0x000007feff350000 - 0x000007feff35e000 	C:\Windows\system32\LPK.dll
0x000007fefde80000 - 0x000007fefdf49000 	C:\Windows\system32\USP10.dll
0x000007fefbe90000 - 0x000007fefc084000 	C:\Windows\WinSxS\amd64_microsoft.windows.common-controls_6595b64144ccf1df_6.0.7601.17514_none_fa396087175ac9ac\COMCTL32.dll
0x000007fefd640000 - 0x000007fefd6b1000 	C:\Windows\system32\SHLWAPI.dll
0x000007fefe0c0000 - 0x000007fefe0ee000 	C:\Windows\system32\IMM32.DLL
0x000007fefd6c0000 - 0x000007fefd7c9000 	C:\Windows\system32\MSCTF.dll
0x000000005a3e0000 - 0x000000005a4b1000 	C:\Program Files\Java\jre7\bin\msvcr100.dll
0x0000000054c60000 - 0x0000000055429000 	C:\Program Files\Java\jre7\bin\server\jvm.dll
0x000007fef7aa0000 - 0x000007fef7aa9000 	C:\Windows\system32\WSOCK32.dll
0x000007fefe1f0000 - 0x000007fefe23d000 	C:\Windows\system32\WS2_32.dll
0x000007fefd9a0000 - 0x000007fefd9a8000 	C:\Windows\system32\NSI.dll
0x000007fefb380000 - 0x000007fefb3bb000 	C:\Windows\system32\WINMM.dll
0x00000000774f0000 - 0x00000000774f7000 	C:\Windows\system32\PSAPI.DLL
0x00000000718e0000 - 0x00000000718ef000 	C:\Program Files\Java\jre7\bin\verify.dll
0x0000000071360000 - 0x0000000071388000 	C:\Program Files\Java\jre7\bin\java.dll
0x0000000071800000 - 0x0000000071815000 	C:\Program Files\Java\jre7\bin\zip.dll

VM Arguments:
jvm_args: -Dfile.encoding=Cp1252 -Xbootclasspath:C:\Users\pairenoid\AppData\Local\Android\android-sdk\platforms\android-19\android.jar 
java_command: tests.httpTests
Launcher Type: SUN_STANDARD

Environment Variables:
JAVA_HOME=C:\Program Files\Java\jdk1.7.0_40
PATH=C:\Program Files (x86)\NVIDIA Corporation\PhysX\Common;c:\mingw\bin;C:\Program Files (x86)\AMD APP\bin\x86_64;C:\Program Files (x86)\AMD APP\bin\x86;C:\Program Files\Common Files\Microsoft Shared\Windows Live;C:\Windows\system32;C:\Windows;C:\Windows\system32\wbem;C:\Windows\System32\WindowsPowerShell\v1.0;C:\Program Files (x86)\ATI Technologies\ATI.ACE\Core-Static;C:\Program Files (x86)\Common Files\HP\Digital Imaging\bin;C:\Program Files (x86)\HP\Digital Imaging\bin;C:\Program Files (x86)\HP\Digital Imaging\bin\Qt\Qt 4.3.3; C:\Python27; C:\Python27\Scripts; c:\openssl-win32\bin; C:\MinGW;C:\Program Files (x86)\Git\cmd;C:\Program Files\Java\jdk1.7.0_40\bin;C:\Program Files (x86)\Common Files\HP\Digital Imaging\bin;C:\Program Files (x86)\HP\Digital Imaging\bin\;C:\Program Files (x86)\HP\Digital Imaging\bin\Qt\Qt 4.3.3;C:\Program Files\apache-ant-1.9.2\bin;C:\Program Files\xalan-j_2_7_1;C:\Program Files\Java\jre7\lib\ext\mysql-connector-java-5.1.2.7-bin;C:\Program Files\MySQL\MySQL Server 5.5\bin;C:\Users\pairenoid\AppData\Local\Android\android-sdk\platform-tools;C:\Program Files\Common Files\Microsoft Shared\Windows Live;C:\Windows\system32\WindowsPowerShell\v1.0\;C:\Program Files (x86)\AMD APP\bin\x86_64;C:\Program Files (x86)\AMD APP\bin\x86;C:\Windows\system32;C:\Windows;C:\Windows\system32\wbem;C:\Program Files (x86)\NVIDIA Corporation\PhysX\Common;C:\Windows\System32\WindowsPowerShell\v1.0;C:\Program Files (x86)\ATI Technologies\ATI.ACE\Core-Static;C:\Program Files (x86)\Common Files\HP\Digital Imaging\bin;C:\Program Files (x86)\HP\Digital Imaging\bin;C:\Program Files (x86)\HP\Digital Imaging\bin\Qt\Qt 4.3.3;;C:\Python27; c:mingw;C:\Python27\Scripts
USERNAME=pairenoid
OS=Windows_NT
PROCESSOR_IDENTIFIER=Intel64 Family 6 Model 42 Stepping 7, GenuineIntel



---------------  S Y S T E M  ---------------

OS: Windows 7 , 64 bit Build 7601 Service Pack 1

CPU:total 4 (4 cores per cpu, 1 threads per core) family 6 model 42 stepping 7, cmov, cx8, fxsr, mmx, sse, sse2, sse3, ssse3, sse4.1, sse4.2, popcnt, avx, aes, tsc, tscinvbit

Memory: 4k page, physical 8297996k(3986064k free), swap 16594144k(10733708k free)

vm_info: Java HotSpot(TM) 64-Bit Server VM (24.0-b56) for windows-amd64 JRE (1.7.0_40-b43), built on Aug 26 2013 22:38:32 by "java_re" with unknown MS VC++:1600

time: Fri Mar 21 14:16:21 2014
elapsed time: 0 seconds

